CRITICAL - 2024-05-25 17:07:49 --> CodeIgniter\View\Exceptions\ViewException: Invalid file: "dashboard_view, $data.php"
[Method: GET, Route: dashboard]
in SYSTEMPATH\Exceptions\FrameworkException.php on line 41.
 1 SYSTEMPATH\View\View.php(222): CodeIgniter\Exceptions\FrameworkException::forInvalidFile('dashboard_view, $data.php')
 2 SYSTEMPATH\Common.php(1171): CodeIgniter\View\View->render('dashboard_view, $data', [], true)
 3 APPPATH\Controllers\dashboard.php(14): view('dashboard_view, $data')
 4 SYSTEMPATH\CodeIgniter.php(933): App\Controllers\dashboard->index()
 5 SYSTEMPATH\CodeIgniter.php(509): CodeIgniter\CodeIgniter->runController(Object(App\Controllers\dashboard))
 6 SYSTEMPATH\CodeIgniter.php(355): CodeIgniter\CodeIgniter->handleRequest(null, Object(Config\Cache), false)
 7 SYSTEMPATH\Boot.php(312): CodeIgniter\CodeIgniter->run()
 8 SYSTEMPATH\Boot.php(67): CodeIgniter\Boot::runCodeIgniter(Object(CodeIgniter\CodeIgniter))
 9 FCPATH\index.php(56): CodeIgniter\Boot::bootWeb(Object(Config\Paths))
CRITICAL - 2024-05-25 17:08:07 --> CodeIgniter\View\Exceptions\ViewException: Invalid file: "dashboard_view, $data.php"
[Method: GET, Route: dashboard]
in SYSTEMPATH\Exceptions\FrameworkException.php on line 41.
 1 SYSTEMPATH\View\View.php(222): CodeIgniter\Exceptions\FrameworkException::forInvalidFile('dashboard_view, $data.php')
 2 SYSTEMPATH\Common.php(1171): CodeIgniter\View\View->render('dashboard_view, $data', [], true)
 3 APPPATH\Controllers\dashboard.php(14): view('dashboard_view, $data')
 4 SYSTEMPATH\CodeIgniter.php(933): App\Controllers\dashboard->index()
 5 SYSTEMPATH\CodeIgniter.php(509): CodeIgniter\CodeIgniter->runController(Object(App\Controllers\dashboard))
 6 SYSTEMPATH\CodeIgniter.php(355): CodeIgniter\CodeIgniter->handleRequest(null, Object(Config\Cache), false)
 7 SYSTEMPATH\Boot.php(312): CodeIgniter\CodeIgniter->run()
 8 SYSTEMPATH\Boot.php(67): CodeIgniter\Boot::runCodeIgniter(Object(CodeIgniter\CodeIgniter))
 9 FCPATH\index.php(56): CodeIgniter\Boot::bootWeb(Object(Config\Paths))
CRITICAL - 2024-05-25 17:11:42 --> CodeIgniter\View\Exceptions\ViewException: Invalid file: "dashboard_view, $data.php"
[Method: GET, Route: dashboard]
in SYSTEMPATH\Exceptions\FrameworkException.php on line 41.
 1 SYSTEMPATH\View\View.php(222): CodeIgniter\Exceptions\FrameworkException::forInvalidFile('dashboard_view, $data.php')
 2 SYSTEMPATH\Common.php(1171): CodeIgniter\View\View->render('dashboard_view, $data', [], true)
 3 APPPATH\Controllers\dashboard.php(14): view('dashboard_view, $data')
 4 SYSTEMPATH\CodeIgniter.php(933): App\Controllers\dashboard->index()
 5 SYSTEMPATH\CodeIgniter.php(509): CodeIgniter\CodeIgniter->runController(Object(App\Controllers\dashboard))
 6 SYSTEMPATH\CodeIgniter.php(355): CodeIgniter\CodeIgniter->handleRequest(null, Object(Config\Cache), false)
 7 SYSTEMPATH\Boot.php(312): CodeIgniter\CodeIgniter->run()
 8 SYSTEMPATH\Boot.php(67): CodeIgniter\Boot::runCodeIgniter(Object(CodeIgniter\CodeIgniter))
 9 FCPATH\index.php(56): CodeIgniter\Boot::bootWeb(Object(Config\Paths))
CRITICAL - 2024-05-25 17:12:27 --> CodeIgniter\View\Exceptions\ViewException: Invalid file: "dashboard_view, $data.php"
[Method: GET, Route: dashboard]
in SYSTEMPATH\Exceptions\FrameworkException.php on line 41.
 1 SYSTEMPATH\View\View.php(222): CodeIgniter\Exceptions\FrameworkException::forInvalidFile('dashboard_view, $data.php')
 2 SYSTEMPATH\Common.php(1171): CodeIgniter\View\View->render('dashboard_view, $data', [], true)
 3 APPPATH\Controllers\dashboard.php(14): view('dashboard_view, $data')
 4 SYSTEMPATH\CodeIgniter.php(933): App\Controllers\dashboard->index()
 5 SYSTEMPATH\CodeIgniter.php(509): CodeIgniter\CodeIgniter->runController(Object(App\Controllers\dashboard))
 6 SYSTEMPATH\CodeIgniter.php(355): CodeIgniter\CodeIgniter->handleRequest(null, Object(Config\Cache), false)
 7 SYSTEMPATH\Boot.php(312): CodeIgniter\CodeIgniter->run()
 8 SYSTEMPATH\Boot.php(67): CodeIgniter\Boot::runCodeIgniter(Object(CodeIgniter\CodeIgniter))
 9 FCPATH\index.php(56): CodeIgniter\Boot::bootWeb(Object(Config\Paths))
